Command line invocation:
    /Applications/Xcode.app/Contents/Developer/usr/bin/xcodebuild -scheme WorkoutPlaza -configuration Debug -sdk iphonesimulator -destination "platform=iOS Simulator,name=iPhone 17" build

Build settings from command line:
    SDKROOT = iphonesimulator26.1

Resolve Package Graph


Resolved source packages:
  SnapKit: https://github.com/SnapKit/SnapKit.git @ 5.7.1

2026-01-16 09:26:11.418 xcodebuild[82535:16444006] [MT] IDERunDestination: Supported platforms for the buildables in the current scheme is empty.
ComputePackagePrebuildTargetDependencyGraph

Prepare packages

CreateBuildRequest

SendProjectDescription

CreateBuildOperation

ComputeTargetDependencyGraph
note: Building targets in dependency order
note: Target dependency graph (4 targets)
    Target 'WorkoutPlaza' in project 'WorkoutPlaza'
        ➜ Explicit dependency on target 'SnapKit' in project 'SnapKit'
    Target 'SnapKit' in project 'SnapKit'
        ➜ Explicit dependency on target 'SnapKit' in project 'SnapKit'
        ➜ Explicit dependency on target 'SnapKit_SnapKit' in project 'SnapKit'
    Target 'SnapKit' in project 'SnapKit'
        ➜ Explicit dependency on target 'SnapKit_SnapKit' in project 'SnapKit'
    Target 'SnapKit_SnapKit' in project 'SnapKit' (no dependencies)

GatherProvisioningInputs

CreateBuildDescription

ExecuteExternalTool /Applications/Xcode.app/Contents/Developer/Toolchains/XcodeDefault.xctoolchain/usr/bin/clang -v -E -dM -isysroot /Applications/Xcode.app/Contents/Developer/Platforms/iPhoneSimulator.platform/Developer/SDKs/iPhoneSimulator26.1.sdk -x c -c /dev/null

ExecuteExternalTool /Applications/Xcode.app/Contents/Developer/usr/bin/ibtool --version --output-format xml1

ExecuteExternalTool /Applications/Xcode.app/Contents/Developer/usr/bin/actool --print-asset-tag-combinations --output-format xml1 /Users/denny.k/Documents/Personal/WorkoutPlaza/WorkoutPlaza/Assets.xcassets

ExecuteExternalTool /Applications/Xcode.app/Contents/Developer/Toolchains/XcodeDefault.xctoolchain/usr/bin/swiftc --version

ExecuteExternalTool /Applications/Xcode.app/Contents/Developer/usr/bin/actool --version --output-format xml1

ExecuteExternalTool /Applications/Xcode.app/Contents/Developer/Toolchains/XcodeDefault.xctoolchain/usr/bin/ld -version_details

Build description signature: df7082530b8214f554230af41742fbbf
Build description path: /Users/denny.k/Library/Developer/Xcode/DerivedData/WorkoutPlaza-hgcnmvwiutlffphiorszcygvkbfw/Build/Intermediates.noindex/XCBuildData/df7082530b8214f554230af41742fbbf.xcbuilddata
ClangStatCache /Applications/Xcode.app/Contents/Developer/Toolchains/XcodeDefault.xctoolchain/usr/bin/clang-stat-cache /Applications/Xcode.app/Contents/Developer/Platforms/iPhoneSimulator.platform/Developer/SDKs/iPhoneSimulator26.1.sdk /Users/denny.k/Library/Developer/Xcode/DerivedData/SDKStatCaches.noindex/iphonesimulator26.1-23B77-90cf18a4295e390e64c810bc6bd7acbc.sdkstatcache
    cd /Users/denny.k/Documents/Personal/WorkoutPlaza/WorkoutPlaza.xcodeproj
    /Applications/Xcode.app/Contents/Developer/Toolchains/XcodeDefault.xctoolchain/usr/bin/clang-stat-cache /Applications/Xcode.app/Contents/Developer/Platforms/iPhoneSimulator.platform/Developer/SDKs/iPhoneSimulator26.1.sdk -o /Users/denny.k/Library/Developer/Xcode/DerivedData/SDKStatCaches.noindex/iphonesimulator26.1-23B77-90cf18a4295e390e64c810bc6bd7acbc.sdkstatcache

ProcessInfoPlistFile /Users/denny.k/Library/Developer/Xcode/DerivedData/WorkoutPlaza-hgcnmvwiutlffphiorszcygvkbfw/Build/Products/Debug-iphonesimulator/SnapKit_SnapKit.bundle/Info.plist /Users/denny.k/Library/Developer/Xcode/DerivedData/WorkoutPlaza-hgcnmvwiutlffphiorszcygvkbfw/Build/Intermediates.noindex/SnapKit.build/Debug-iphonesimulator/SnapKit_SnapKit.build/empty-SnapKit_SnapKit.plist (in target 'SnapKit_SnapKit' from project 'SnapKit')
    cd /Users/denny.k/Library/Developer/Xcode/DerivedData/WorkoutPlaza-hgcnmvwiutlffphiorszcygvkbfw/SourcePackages/checkouts/SnapKit
    builtin-infoPlistUtility /Users/denny.k/Library/Developer/Xcode/DerivedData/WorkoutPlaza-hgcnmvwiutlffphiorszcygvkbfw/Build/Intermediates.noindex/SnapKit.build/Debug-iphonesimulator/SnapKit_SnapKit.build/empty-SnapKit_SnapKit.plist -producttype com.apple.product-type.bundle -expandbuildsettings -format binary -platform iphonesimulator -o /Users/denny.k/Library/Developer/Xcode/DerivedData/WorkoutPlaza-hgcnmvwiutlffphiorszcygvkbfw/Build/Products/Debug-iphonesimulator/SnapKit_SnapKit.bundle/Info.plist

Ld /Users/denny.k/Library/Developer/Xcode/DerivedData/WorkoutPlaza-hgcnmvwiutlffphiorszcygvkbfw/Build/Products/Debug-iphonesimulator/WorkoutPlaza.app/__preview.dylib normal (in target 'WorkoutPlaza' from project 'WorkoutPlaza')
    cd /Users/denny.k/Documents/Personal/WorkoutPlaza
    /Applications/Xcode.app/Contents/Developer/Toolchains/XcodeDefault.xctoolchain/usr/bin/clang -Xlinker -reproducible -target arm64-apple-ios26.1-simulator -dynamiclib -isysroot /Applications/Xcode.app/Contents/Developer/Platforms/iPhoneSimulator.platform/Developer/SDKs/iPhoneSimulator26.1.sdk -O0 -L/Users/denny.k/Library/Developer/Xcode/DerivedData/WorkoutPlaza-hgcnmvwiutlffphiorszcygvkbfw/Build/Products/Debug-iphonesimulator -F/Users/denny.k/Library/Developer/Xcode/DerivedData/WorkoutPlaza-hgcnmvwiutlffphiorszcygvkbfw/Build/Products/Debug-iphonesimulator/PackageFrameworks -F/Users/denny.k/Library/Developer/Xcode/DerivedData/WorkoutPlaza-hgcnmvwiutlffphiorszcygvkbfw/Build/Products/Debug-iphonesimulator -install_name @rpath/WorkoutPlaza.debug.dylib -dead_strip -rdynamic -Xlinker -no_deduplicate -Xlinker -objc_abi_version -Xlinker 2 -Xlinker -debug_variant -Xlinker -dependency_info -Xlinker /Users/denny.k/Library/Developer/Xcode/DerivedData/WorkoutPlaza-hgcnmvwiutlffphiorszcygvkbfw/Build/Intermediates.noindex/WorkoutPlaza.build/Debug-iphonesimulator/WorkoutPlaza.build/Objects-normal/arm64/WorkoutPlaza_dependency_info.dat -Xlinker -sectcreate -Xlinker __TEXT -Xlinker __entitlements -Xlinker /Users/denny.k/Library/Developer/Xcode/DerivedData/WorkoutPlaza-hgcnmvwiutlffphiorszcygvkbfw/Build/Intermediates.noindex/WorkoutPlaza.build/Debug-iphonesimulator/WorkoutPlaza.build/WorkoutPlaza.app-Simulated.xcent -Xlinker -sectcreate -Xlinker __TEXT -Xlinker __ents_der -Xlinker /Users/denny.k/Library/Developer/Xcode/DerivedData/WorkoutPlaza-hgcnmvwiutlffphiorszcygvkbfw/Build/Intermediates.noindex/WorkoutPlaza.build/Debug-iphonesimulator/WorkoutPlaza.build/WorkoutPlaza.app-Simulated.xcent.der -Xlinker -no_adhoc_codesign -o /Users/denny.k/Library/Developer/Xcode/DerivedData/WorkoutPlaza-hgcnmvwiutlffphiorszcygvkbfw/Build/Products/Debug-iphonesimulator/WorkoutPlaza.app/__preview.dylib

Copy /Users/denny.k/Library/Developer/Xcode/DerivedData/WorkoutPlaza-hgcnmvwiutlffphiorszcygvkbfw/Build/Products/Debug-iphonesimulator/WorkoutPlaza.app/SnapKit_SnapKit.bundle /Users/denny.k/Library/Developer/Xcode/DerivedData/WorkoutPlaza-hgcnmvwiutlffphiorszcygvkbfw/Build/Products/Debug-iphonesimulator/SnapKit_SnapKit.bundle (in target 'WorkoutPlaza' from project 'WorkoutPlaza')
    cd /Users/denny.k/Documents/Personal/WorkoutPlaza
    builtin-copy -exclude .DS_Store -exclude CVS -exclude .svn -exclude .git -exclude .hg -resolve-src-symlinks /Users/denny.k/Library/Developer/Xcode/DerivedData/WorkoutPlaza-hgcnmvwiutlffphiorszcygvkbfw/Build/Products/Debug-iphonesimulator/SnapKit_SnapKit.bundle /Users/denny.k/Library/Developer/Xcode/DerivedData/WorkoutPlaza-hgcnmvwiutlffphiorszcygvkbfw/Build/Products/Debug-iphonesimulator/WorkoutPlaza.app

CompileStoryboard /Users/denny.k/Documents/Personal/WorkoutPlaza/WorkoutPlaza/Base.lproj/Main.storyboard (in target 'WorkoutPlaza' from project 'WorkoutPlaza')
    cd /Users/denny.k/Documents/Personal/WorkoutPlaza
    /Applications/Xcode.app/Contents/Developer/usr/bin/ibtool --errors --warnings --notices --module WorkoutPlaza --output-partial-info-plist /Users/denny.k/Library/Developer/Xcode/DerivedData/WorkoutPlaza-hgcnmvwiutlffphiorszcygvkbfw/Build/Intermediates.noindex/WorkoutPlaza.build/Debug-iphonesimulator/WorkoutPlaza.build/Base.lproj/Main-SBPartialInfo.plist --auto-activate-custom-fonts --target-device iphone --target-device ipad --minimum-deployment-target 26.1 --output-format human-readable-text /Users/denny.k/Documents/Personal/WorkoutPlaza/WorkoutPlaza/Base.lproj/Main.storyboard --compilation-directory /Users/denny.k/Library/Developer/Xcode/DerivedData/WorkoutPlaza-hgcnmvwiutlffphiorszcygvkbfw/Build/Intermediates.noindex/WorkoutPlaza.build/Debug-iphonesimulator/WorkoutPlaza.build/Base.lproj

SwiftDriver WorkoutPlaza normal arm64 com.apple.xcode.tools.swift.compiler (in target 'WorkoutPlaza' from project 'WorkoutPlaza')
    cd /Users/denny.k/Documents/Personal/WorkoutPlaza
    builtin-SwiftDriver -- /Applications/Xcode.app/Contents/Developer/Toolchains/XcodeDefault.xctoolchain/usr/bin/swiftc -module-name WorkoutPlaza -Onone -enforce-exclusivity\=checked @/Users/denny.k/Library/Developer/Xcode/DerivedData/WorkoutPlaza-hgcnmvwiutlffphiorszcygvkbfw/Build/Intermediates.noindex/WorkoutPlaza.build/Debug-iphonesimulator/WorkoutPlaza.build/Objects-normal/arm64/WorkoutPlaza.SwiftFileList -DDEBUG -default-isolation\=MainActor -enable-bare-slash-regex -enable-upcoming-feature DisableOutwardActorInference -enable-upcoming-feature InferSendableFromCaptures -enable-upcoming-feature GlobalActorIsolatedTypesUsability -enable-upcoming-feature MemberImportVisibility -enable-upcoming-feature InferIsolatedConformances -enable-upcoming-feature NonisolatedNonsendingByDefault -enable-experimental-feature DebugDescriptionMacro -sdk /Applications/Xcode.app/Contents/Developer/Platforms/iPhoneSimulator.platform/Developer/SDKs/iPhoneSimulator26.1.sdk -target arm64-apple-ios26.1-simulator -g -module-cache-path /Users/denny.k/Library/Developer/Xcode/DerivedData/ModuleCache.noindex -Xfrontend -serialize-debugging-options -profile-coverage-mapping -profile-generate -enable-testing -index-store-path /Users/denny.k/Library/Developer/Xcode/DerivedData/WorkoutPlaza-hgcnmvwiutlffphiorszcygvkbfw/Index.noindex/DataStore -Xcc -D_LIBCPP_HARDENING_MODE\=_LIBCPP_HARDENING_MODE_DEBUG -swift-version 5 -I /Users/denny.k/Library/Developer/Xcode/DerivedData/WorkoutPlaza-hgcnmvwiutlffphiorszcygvkbfw/Build/Products/Debug-iphonesimulator -F /Users/denny.k/Library/Developer/Xcode/DerivedData/WorkoutPlaza-hgcnmvwiutlffphiorszcygvkbfw/Build/Products/Debug-iphonesimulator/PackageFrameworks -F /Users/denny.k/Library/Developer/Xcode/DerivedData/WorkoutPlaza-hgcnmvwiutlffphiorszcygvkbfw/Build/Products/Debug-iphonesimulator -emit-localized-strings -emit-localized-strings-path /Users/denny.k/Library/Developer/Xcode/DerivedData/WorkoutPlaza-hgcnmvwiutlffphiorszcygvkbfw/Build/Intermediates.noindex/WorkoutPlaza.build/Debug-iphonesimulator/WorkoutPlaza.build/Objects-normal/arm64 -c -j14 -enable-batch-mode -incremental -Xcc -ivfsstatcache -Xcc /Users/denny.k/Library/Developer/Xcode/DerivedData/SDKStatCaches.noindex/iphonesimulator26.1-23B77-90cf18a4295e390e64c810bc6bd7acbc.sdkstatcache -output-file-map /Users/denny.k/Library/Developer/Xcode/DerivedData/WorkoutPlaza-hgcnmvwiutlffphiorszcygvkbfw/Build/Intermediates.noindex/WorkoutPlaza.build/Debug-iphonesimulator/WorkoutPlaza.build/Objects-normal/arm64/WorkoutPlaza-OutputFileMap.json -use-frontend-parseable-output -save-temps -no-color-diagnostics -explicit-module-build -module-cache-path /Users/denny.k/Library/Developer/Xcode/DerivedData/WorkoutPlaza-hgcnmvwiutlffphiorszcygvkbfw/Build/Intermediates.noindex/SwiftExplicitPrecompiledModules -clang-scanner-module-cache-path /Users/denny.k/Library/Developer/Xcode/DerivedData/ModuleCache.noindex -sdk-module-cache-path /Users/denny.k/Library/Developer/Xcode/DerivedData/ModuleCache.noindex -serialize-diagnostics -emit-dependencies -emit-module -emit-module-path /Users/denny.k/Library/Developer/Xcode/DerivedData/WorkoutPlaza-hgcnmvwiutlffphiorszcygvkbfw/Build/Intermediates.noindex/WorkoutPlaza.build/Debug-iphonesimulator/WorkoutPlaza.build/Objects-normal/arm64/WorkoutPlaza.swiftmodule -validate-clang-modules-once -clang-build-session-file /Users/denny.k/Library/Developer/Xcode/DerivedData/ModuleCache.noindex/Session.modulevalidation -Xcc -I/Users/denny.k/Library/Developer/Xcode/DerivedData/WorkoutPlaza-hgcnmvwiutlffphiorszcygvkbfw/Build/Intermediates.noindex/WorkoutPlaza.build/Debug-iphonesimulator/WorkoutPlaza.build/swift-overrides.hmap -emit-const-values -Xfrontend -const-gather-protocols-file -Xfrontend /Users/denny.k/Library/Developer/Xcode/DerivedData/WorkoutPlaza-hgcnmvwiutlffphiorszcygvkbfw/Build/Intermediates.noindex/WorkoutPlaza.build/Debug-iphonesimulator/WorkoutPlaza.build/Objects-normal/arm64/WorkoutPlaza_const_extract_protocols.json -Xcc -iquote -Xcc /Users/denny.k/Library/Developer/Xcode/DerivedData/WorkoutPlaza-hgcnmvwiutlffphiorszcygvkbfw/Build/Intermediates.noindex/WorkoutPlaza.build/Debug-iphonesimulator/WorkoutPlaza.build/WorkoutPlaza-generated-files.hmap -Xcc -I/Users/denny.k/Library/Developer/Xcode/DerivedData/WorkoutPlaza-hgcnmvwiutlffphiorszcygvkbfw/Build/Intermediates.noindex/WorkoutPlaza.build/Debug-iphonesimulator/WorkoutPlaza.build/WorkoutPlaza-own-target-headers.hmap -Xcc -I/Users/denny.k/Library/Developer/Xcode/DerivedData/WorkoutPlaza-hgcnmvwiutlffphiorszcygvkbfw/Build/Intermediates.noindex/WorkoutPlaza.build/Debug-iphonesimulator/WorkoutPlaza.build/WorkoutPlaza-all-non-framework-target-headers.hmap -Xcc -ivfsoverlay -Xcc /Users/denny.k/Library/Developer/Xcode/DerivedData/WorkoutPlaza-hgcnmvwiutlffphiorszcygvkbfw/Build/Intermediates.noindex/WorkoutPlaza.build/Debug-iphonesimulator/WorkoutPlaza-774af26ae829fb4a2e9772968e32ca2b-VFS-iphonesimulator/all-product-headers.yaml -Xcc -iquote -Xcc /Users/denny.k/Library/Developer/Xcode/DerivedData/WorkoutPlaza-hgcnmvwiutlffphiorszcygvkbfw/Build/Intermediates.noindex/WorkoutPlaza.build/Debug-iphonesimulator/WorkoutPlaza.build/WorkoutPlaza-project-headers.hmap -Xcc -I/Users/denny.k/Library/Developer/Xcode/DerivedData/WorkoutPlaza-hgcnmvwiutlffphiorszcygvkbfw/Build/Products/Debug-iphonesimulator/include -Xcc -I/Users/denny.k/Library/Developer/Xcode/DerivedData/WorkoutPlaza-hgcnmvwiutlffphiorszcygvkbfw/Build/Intermediates.noindex/WorkoutPlaza.build/Debug-iphonesimulator/WorkoutPlaza.build/DerivedSources-normal/arm64 -Xcc -I/Users/denny.k/Library/Developer/Xcode/DerivedData/WorkoutPlaza-hgcnmvwiutlffphiorszcygvkbfw/Build/Intermediates.noindex/WorkoutPlaza.build/Debug-iphonesimulator/WorkoutPlaza.build/DerivedSources/arm64 -Xcc -I/Users/denny.k/Library/Developer/Xcode/DerivedData/WorkoutPlaza-hgcnmvwiutlffphiorszcygvkbfw/Build/Intermediates.noindex/WorkoutPlaza.build/Debug-iphonesimulator/WorkoutPlaza.build/DerivedSources -Xcc -DDEBUG\=1 -emit-objc-header -emit-objc-header-path /Users/denny.k/Library/Developer/Xcode/DerivedData/WorkoutPlaza-hgcnmvwiutlffphiorszcygvkbfw/Build/Intermediates.noindex/WorkoutPlaza.build/Debug-iphonesimulator/WorkoutPlaza.build/Objects-normal/arm64/WorkoutPlaza-Swift.h -working-directory /Users/denny.k/Documents/Personal/WorkoutPlaza -experimental-emit-module-separately -disable-cmo

CompileStoryboard /Users/denny.k/Documents/Personal/WorkoutPlaza/WorkoutPlaza/Base.lproj/LaunchScreen.storyboard (in target 'WorkoutPlaza' from project 'WorkoutPlaza')
    cd /Users/denny.k/Documents/Personal/WorkoutPlaza
    /Applications/Xcode.app/Contents/Developer/usr/bin/ibtool --errors --warnings --notices --module WorkoutPlaza --output-partial-info-plist /Users/denny.k/Library/Developer/Xcode/DerivedData/WorkoutPlaza-hgcnmvwiutlffphiorszcygvkbfw/Build/Intermediates.noindex/WorkoutPlaza.build/Debug-iphonesimulator/WorkoutPlaza.build/Base.lproj/LaunchScreen-SBPartialInfo.plist --auto-activate-custom-fonts --target-device iphone --target-device ipad --minimum-deployment-target 26.1 --output-format human-readable-text /Users/denny.k/Documents/Personal/WorkoutPlaza/WorkoutPlaza/Base.lproj/LaunchScreen.storyboard --compilation-directory /Users/denny.k/Library/Developer/Xcode/DerivedData/WorkoutPlaza-hgcnmvwiutlffphiorszcygvkbfw/Build/Intermediates.noindex/WorkoutPlaza.build/Debug-iphonesimulator/WorkoutPlaza.build/Base.lproj

ProcessInfoPlistFile /Users/denny.k/Library/Developer/Xcode/DerivedData/WorkoutPlaza-hgcnmvwiutlffphiorszcygvkbfw/Build/Products/Debug-iphonesimulator/WorkoutPlaza.app/Info.plist /Users/denny.k/Documents/Personal/WorkoutPlaza/WorkoutPlaza/Info.plist (in target 'WorkoutPlaza' from project 'WorkoutPlaza')
    cd /Users/denny.k/Documents/Personal/WorkoutPlaza
    builtin-infoPlistUtility /Users/denny.k/Documents/Personal/WorkoutPlaza/WorkoutPlaza/Info.plist -producttype com.apple.product-type.application -genpkginfo /Users/denny.k/Library/Developer/Xcode/DerivedData/WorkoutPlaza-hgcnmvwiutlffphiorszcygvkbfw/Build/Products/Debug-iphonesimulator/WorkoutPlaza.app/PkgInfo -expandbuildsettings -format binary -platform iphonesimulator -additionalcontentfile /Users/denny.k/Library/Developer/Xcode/DerivedData/WorkoutPlaza-hgcnmvwiutlffphiorszcygvkbfw/Build/Intermediates.noindex/WorkoutPlaza.build/Debug-iphonesimulator/WorkoutPlaza.build/Base.lproj/LaunchScreen-SBPartialInfo.plist -additionalcontentfile /Users/denny.k/Library/Developer/Xcode/DerivedData/WorkoutPlaza-hgcnmvwiutlffphiorszcygvkbfw/Build/Intermediates.noindex/WorkoutPlaza.build/Debug-iphonesimulator/WorkoutPlaza.build/Base.lproj/Main-SBPartialInfo.plist -additionalcontentfile /Users/denny.k/Library/Developer/Xcode/DerivedData/WorkoutPlaza-hgcnmvwiutlffphiorszcygvkbfw/Build/Intermediates.noindex/WorkoutPlaza.build/Debug-iphonesimulator/WorkoutPlaza.build/assetcatalog_generated_info.plist -scanforprivacyfile /Users/denny.k/Library/Developer/Xcode/DerivedData/WorkoutPlaza-hgcnmvwiutlffphiorszcygvkbfw/Build/Products/Debug-iphonesimulator/WorkoutPlaza.app/SnapKit_SnapKit.bundle -o /Users/denny.k/Library/Developer/Xcode/DerivedData/WorkoutPlaza-hgcnmvwiutlffphiorszcygvkbfw/Build/Products/Debug-iphonesimulator/WorkoutPlaza.app/Info.plist

LinkStoryboards (in target 'WorkoutPlaza' from project 'WorkoutPlaza')
    cd /Users/denny.k/Documents/Personal/WorkoutPlaza
    /Applications/Xcode.app/Contents/Developer/usr/bin/ibtool --errors --warnings --notices --module WorkoutPlaza --target-device iphone --target-device ipad --minimum-deployment-target 26.1 --output-format human-readable-text --link /Users/denny.k/Library/Developer/Xcode/DerivedData/WorkoutPlaza-hgcnmvwiutlffphiorszcygvkbfw/Build/Products/Debug-iphonesimulator/WorkoutPlaza.app /Users/denny.k/Library/Developer/Xcode/DerivedData/WorkoutPlaza-hgcnmvwiutlffphiorszcygvkbfw/Build/Intermediates.noindex/WorkoutPlaza.build/Debug-iphonesimulator/WorkoutPlaza.build/Base.lproj/LaunchScreen.storyboardc /Users/denny.k/Library/Developer/Xcode/DerivedData/WorkoutPlaza-hgcnmvwiutlffphiorszcygvkbfw/Build/Intermediates.noindex/WorkoutPlaza.build/Debug-iphonesimulator/WorkoutPlaza.build/Base.lproj/Main.storyboardc

SwiftCompile normal arm64 Compiling\ AppDelegate.swift /Users/denny.k/Documents/Personal/WorkoutPlaza/WorkoutPlaza/AppDelegate.swift (in target 'WorkoutPlaza' from project 'WorkoutPlaza')

SwiftCompile normal arm64 /Users/denny.k/Documents/Personal/WorkoutPlaza/WorkoutPlaza/AppDelegate.swift (in target 'WorkoutPlaza' from project 'WorkoutPlaza')
    cd /Users/denny.k/Documents/Personal/WorkoutPlaza
    

SwiftCompile normal arm64 Compiling\ BackgroundTemplateView.swift /Users/denny.k/Documents/Personal/WorkoutPlaza/WorkoutPlaza/BackgroundTemplateView.swift (in target 'WorkoutPlaza' from project 'WorkoutPlaza')
SwiftCompile normal arm64 /Users/denny.k/Documents/Personal/WorkoutPlaza/WorkoutPlaza/BackgroundTemplateView.swift (in target 'WorkoutPlaza' from project 'WorkoutPlaza')
    cd /Users/denny.k/Documents/Personal/WorkoutPlaza
    

SwiftCompile normal arm64 Compiling\ BackgroundImageEditorViewController.swift /Users/denny.k/Documents/Personal/WorkoutPlaza/WorkoutPlaza/BackgroundImageEditorViewController.swift (in target 'WorkoutPlaza' from project 'WorkoutPlaza')
SwiftCompile normal arm64 /Users/denny.k/Documents/Personal/WorkoutPlaza/WorkoutPlaza/BackgroundImageEditorViewController.swift (in target 'WorkoutPlaza' from project 'WorkoutPlaza')
    cd /Users/denny.k/Documents/Personal/WorkoutPlaza
    

SwiftCompile normal arm64 Compiling\ FontStyleManager.swift /Users/denny.k/Documents/Personal/WorkoutPlaza/WorkoutPlaza/FontStyleManager.swift (in target 'WorkoutPlaza' from project 'WorkoutPlaza')

SwiftCompile normal arm64 /Users/denny.k/Documents/Personal/WorkoutPlaza/WorkoutPlaza/FontStyleManager.swift (in target 'WorkoutPlaza' from project 'WorkoutPlaza')
    cd /Users/denny.k/Documents/Personal/WorkoutPlaza
    

SwiftCompile normal arm64 Compiling\ ResizeHandleView.swift /Users/denny.k/Documents/Personal/WorkoutPlaza/WorkoutPlaza/ResizeHandleView.swift (in target 'WorkoutPlaza' from project 'WorkoutPlaza')

SwiftCompile normal arm64 /Users/denny.k/Documents/Personal/WorkoutPlaza/WorkoutPlaza/ResizeHandleView.swift (in target 'WorkoutPlaza' from project 'WorkoutPlaza')
    cd /Users/denny.k/Documents/Personal/WorkoutPlaza
    

SwiftCompile normal arm64 Compiling\ SceneDelegate.swift /Users/denny.k/Documents/Personal/WorkoutPlaza/WorkoutPlaza/SceneDelegate.swift (in target 'WorkoutPlaza' from project 'WorkoutPlaza')

SwiftCompile normal arm64 /Users/denny.k/Documents/Personal/WorkoutPlaza/WorkoutPlaza/SceneDelegate.swift (in target 'WorkoutPlaza' from project 'WorkoutPlaza')
    cd /Users/denny.k/Documents/Personal/WorkoutPlaza
    

SwiftCompile normal arm64 Compiling\ WorkoutListViewController.swift /Users/denny.k/Documents/Personal/WorkoutPlaza/WorkoutPlaza/WorkoutListViewController.swift (in target 'WorkoutPlaza' from project 'WorkoutPlaza')

SwiftCompile normal arm64 /Users/denny.k/Documents/Personal/WorkoutPlaza/WorkoutPlaza/WorkoutListViewController.swift (in target 'WorkoutPlaza' from project 'WorkoutPlaza')
    cd /Users/denny.k/Documents/Personal/WorkoutPlaza
    

SwiftEmitModule normal arm64 Emitting\ module\ for\ WorkoutPlaza (in target 'WorkoutPlaza' from project 'WorkoutPlaza')

EmitSwiftModule normal arm64 (in target 'WorkoutPlaza' from project 'WorkoutPlaza')
    cd /Users/denny.k/Documents/Personal/WorkoutPlaza
    

SwiftCompile normal arm64 Compiling\ WorkoutStatsWidgets.swift /Users/denny.k/Documents/Personal/WorkoutPlaza/WorkoutPlaza/WorkoutStatsWidgets.swift (in target 'WorkoutPlaza' from project 'WorkoutPlaza')
SwiftCompile normal arm64 /Users/denny.k/Documents/Personal/WorkoutPlaza/WorkoutPlaza/WorkoutStatsWidgets.swift (in target 'WorkoutPlaza' from project 'WorkoutPlaza')
    cd /Users/denny.k/Documents/Personal/WorkoutPlaza
    
/Users/denny.k/Documents/Personal/WorkoutPlaza/WorkoutPlaza/WorkoutStatsWidgets.swift:867:24: warning: 'CLGeocoder' was deprecated in iOS 26.0: Use MapKit
        let geocoder = CLGeocoder()
                       ^
/Users/denny.k/Documents/Personal/WorkoutPlaza/WorkoutPlaza/WorkoutStatsWidgets.swift:868:18: warning: 'reverseGeocodeLocation(_:completionHandler:)' was deprecated in iOS 26.0: Use MKReverseGeocodingRequest
        geocoder.reverseGeocodeLocation(location) { [weak self] placemarks, error in
                 ^

SwiftCompile normal arm64 Compiling\ WidgetTemplate.swift /Users/denny.k/Documents/Personal/WorkoutPlaza/WorkoutPlaza/WidgetTemplate.swift (in target 'WorkoutPlaza' from project 'WorkoutPlaza')

SwiftCompile normal arm64 /Users/denny.k/Documents/Personal/WorkoutPlaza/WorkoutPlaza/WidgetTemplate.swift (in target 'WorkoutPlaza' from project 'WorkoutPlaza')
    cd /Users/denny.k/Documents/Personal/WorkoutPlaza
    

SwiftCompile normal arm64 Compiling\ ColorPaletteView.swift /Users/denny.k/Documents/Personal/WorkoutPlaza/WorkoutPlaza/ColorPaletteView.swift (in target 'WorkoutPlaza' from project 'WorkoutPlaza')

SwiftCompile normal arm64 /Users/denny.k/Documents/Personal/WorkoutPlaza/WorkoutPlaza/ColorPaletteView.swift (in target 'WorkoutPlaza' from project 'WorkoutPlaza')
    cd /Users/denny.k/Documents/Personal/WorkoutPlaza
    

SwiftCompile normal arm64 Compiling\ RouteMapView.swift /Users/denny.k/Documents/Personal/WorkoutPlaza/WorkoutPlaza/RouteMapView.swift (in target 'WorkoutPlaza' from project 'WorkoutPlaza')

SwiftCompile normal arm64 /Users/denny.k/Documents/Personal/WorkoutPlaza/WorkoutPlaza/RouteMapView.swift (in target 'WorkoutPlaza' from project 'WorkoutPlaza')
    cd /Users/denny.k/Documents/Personal/WorkoutPlaza
    

SwiftCompile normal arm64 Compiling\ TemplateManager.swift /Users/denny.k/Documents/Personal/WorkoutPlaza/WorkoutPlaza/TemplateManager.swift (in target 'WorkoutPlaza' from project 'WorkoutPlaza')

SwiftCompile normal arm64 /Users/denny.k/Documents/Personal/WorkoutPlaza/WorkoutPlaza/TemplateManager.swift (in target 'WorkoutPlaza' from project 'WorkoutPlaza')
    cd /Users/denny.k/Documents/Personal/WorkoutPlaza
    

SwiftCompile normal arm64 Compiling\ WorkoutDetailViewController.swift /Users/denny.k/Documents/Personal/WorkoutPlaza/WorkoutPlaza/WorkoutDetailViewController.swift (in target 'WorkoutPlaza' from project 'WorkoutPlaza')
SwiftCompile normal arm64 /Users/denny.k/Documents/Personal/WorkoutPlaza/WorkoutPlaza/WorkoutDetailViewController.swift (in target 'WorkoutPlaza' from project 'WorkoutPlaza')
    cd /Users/denny.k/Documents/Personal/WorkoutPlaza
    
/Users/denny.k/Documents/Personal/WorkoutPlaza/WorkoutPlaza/WorkoutDetailViewController.swift:133:13: warning: initialization of immutable value 'resetButton' was never used; consider replacing with assignment to '_' or removing it
        let resetButton = UIBarButtonItem(
        ~~~~^~~~~~~~~~~
        _
/Users/denny.k/Documents/Personal/WorkoutPlaza/WorkoutPlaza/WorkoutDetailViewController.swift:293:19: warning: variable 'selectedItem' was never mutated; consider changing to 'let' constant
        guard var selectedItem = selectionManager.currentlySelectedItem else { return }
              ~~~ ^
              let
/Users/denny.k/Documents/Personal/WorkoutPlaza/WorkoutPlaza/WorkoutDetailViewController.swift:307:104: warning: variable 'self' was written to, but never read
            actionSheet.addAction(UIAlertAction(title: fontStyle.displayName, style: .default) { [weak self] _ in
                                                                                                       ^
/Users/denny.k/Documents/Personal/WorkoutPlaza/WorkoutPlaza/WorkoutDetailViewController.swift:324:19: warning: value 'selectedItem' was defined but never used; consider replacing with boolean test
        guard let selectedItem = selectionManager.currentlySelectedItem else { return }
              ~~~~^~~~~~~~~~~~~~~
                                                                        != nil
/Users/denny.k/Documents/Personal/WorkoutPlaza/WorkoutPlaza/WorkoutDetailViewController.swift:342:73: warning: conditional downcast from '(any Selectable)?' to 'UIView' is equivalent to an implicit conversion to an optional 'UIView'
        guard let selectedItem = selectionManager.currentlySelectedItem as? UIView else { return }
                                 ~~~~~~~~~~~~~~~~~~~~~~~~~~~~~~~~~~~~~~~^~~~~~~~~~
                                                                       
/Users/denny.k/Documents/Personal/WorkoutPlaza/WorkoutPlaza/WorkoutDetailViewController.swift:466:23: warning: immutable value 'image' was never used; consider replacing with '_' or removing it
        } else if let image = backgroundImageView.image, backgroundImageView.frame == .zero {
                  ~~~~^~~~~
                  _
/Users/denny.k/Documents/Personal/WorkoutPlaza/WorkoutPlaza/WorkoutDetailViewController.swift:811:24: warning: variable 'selectable' was never mutated; consider changing to 'let' constant
                if var selectable = w as? Selectable {
                   ~~~ ^
                   let
/Users/denny.k/Documents/Personal/WorkoutPlaza/WorkoutPlaza/WorkoutDetailViewController.swift:1109:58: warning: variable 'self' was written to, but never read
            w.configure(location: firstLocation) { [weak self] success in
                                                         ^
/Users/denny.k/Documents/Personal/WorkoutPlaza/WorkoutPlaza/WorkoutDetailViewController.swift:1404:16: warning: variable 'selectableWidget' was never mutated; consider changing to 'let' constant
        if var selectableWidget = widget as? Selectable {
           ~~~ ^
           let
/Users/denny.k/Documents/Personal/WorkoutPlaza/WorkoutPlaza/WorkoutDetailViewController.swift:1428:19: warning: value 'data' was defined but never used; consider replacing with boolean test
        guard let data = workoutData else { return }
              ~~~~^~~~~~~
                                     != nil
/Users/denny.k/Documents/Personal/WorkoutPlaza/WorkoutPlaza/WorkoutDetailViewController.swift:1572:19: warning: variable 'selectedItem' was never mutated; consider changing to 'let' constant
        guard var selectedItem = selectionManager.currentlySelectedItem else { return }
              ~~~ ^
              let

SwiftCompile normal arm64 Compiling\ TemplateGroupView.swift /Users/denny.k/Documents/Personal/WorkoutPlaza/WorkoutPlaza/TemplateGroupView.swift (in target 'WorkoutPlaza' from project 'WorkoutPlaza')

SwiftCompile normal arm64 /Users/denny.k/Documents/Personal/WorkoutPlaza/WorkoutPlaza/TemplateGroupView.swift (in target 'WorkoutPlaza' from project 'WorkoutPlaza')
    cd /Users/denny.k/Documents/Personal/WorkoutPlaza
    

SwiftDriverJobDiscovery normal arm64 Compiling SceneDelegate.swift (in target 'WorkoutPlaza' from project 'WorkoutPlaza')

SwiftDriverJobDiscovery normal arm64 Compiling FontStyleManager.swift (in target 'WorkoutPlaza' from project 'WorkoutPlaza')

SwiftDriverJobDiscovery normal arm64 Compiling AppDelegate.swift (in target 'WorkoutPlaza' from project 'WorkoutPlaza')

SwiftCompile normal arm64 Compiling\ SelectionManager.swift /Users/denny.k/Documents/Personal/WorkoutPlaza/WorkoutPlaza/SelectionManager.swift (in target 'WorkoutPlaza' from project 'WorkoutPlaza')

SwiftCompile normal arm64 /Users/denny.k/Documents/Personal/WorkoutPlaza/WorkoutPlaza/SelectionManager.swift (in target 'WorkoutPlaza' from project 'WorkoutPlaza')
    cd /Users/denny.k/Documents/Personal/WorkoutPlaza
    

SwiftCompile normal arm64 Compiling\ SelectableProtocol.swift /Users/denny.k/Documents/Personal/WorkoutPlaza/WorkoutPlaza/SelectableProtocol.swift (in target 'WorkoutPlaza' from project 'WorkoutPlaza')

SwiftCompile normal arm64 /Users/denny.k/Documents/Personal/WorkoutPlaza/WorkoutPlaza/SelectableProtocol.swift (in target 'WorkoutPlaza' from project 'WorkoutPlaza')
    cd /Users/denny.k/Documents/Personal/WorkoutPlaza
    

SwiftDriverJobDiscovery normal arm64 Compiling BackgroundTemplateView.swift (in target 'WorkoutPlaza' from project 'WorkoutPlaza')

SwiftCompile normal arm64 Compiling\ CustomGradientPickerViewController.swift /Users/denny.k/Documents/Personal/WorkoutPlaza/WorkoutPlaza/CustomGradientPickerViewController.swift (in target 'WorkoutPlaza' from project 'WorkoutPlaza')

SwiftCompile normal arm64 /Users/denny.k/Documents/Personal/WorkoutPlaza/WorkoutPlaza/CustomGradientPickerViewController.swift (in target 'WorkoutPlaza' from project 'WorkoutPlaza')
    cd /Users/denny.k/Documents/Personal/WorkoutPlaza
    

SwiftDriverJobDiscovery normal arm64 Compiling WidgetTemplate.swift (in target 'WorkoutPlaza' from project 'WorkoutPlaza')

SwiftDriverJobDiscovery normal arm64 Compiling ResizeHandleView.swift (in target 'WorkoutPlaza' from project 'WorkoutPlaza')

SwiftDriverJobDiscovery normal arm64 Compiling TemplateManager.swift (in target 'WorkoutPlaza' from project 'WorkoutPlaza')

SwiftDriverJobDiscovery normal arm64 Compiling SelectionManager.swift (in target 'WorkoutPlaza' from project 'WorkoutPlaza')

SwiftDriverJobDiscovery normal arm64 Compiling SelectableProtocol.swift (in target 'WorkoutPlaza' from project 'WorkoutPlaza')

SwiftDriverJobDiscovery normal arm64 Compiling RouteMapView.swift (in target 'WorkoutPlaza' from project 'WorkoutPlaza')

SwiftDriverJobDiscovery normal arm64 Compiling ColorPaletteView.swift (in target 'WorkoutPlaza' from project 'WorkoutPlaza')

SwiftDriverJobDiscovery normal arm64 Compiling CustomGradientPickerViewController.swift (in target 'WorkoutPlaza' from project 'WorkoutPlaza')

SwiftDriverJobDiscovery normal arm64 Compiling WorkoutListViewController.swift (in target 'WorkoutPlaza' from project 'WorkoutPlaza')

SwiftDriverJobDiscovery normal arm64 Emitting module for WorkoutPlaza (in target 'WorkoutPlaza' from project 'WorkoutPlaza')

SwiftDriver\ Compilation\ Requirements WorkoutPlaza normal arm64 com.apple.xcode.tools.swift.compiler (in target 'WorkoutPlaza' from project 'WorkoutPlaza')
    cd /Users/denny.k/Documents/Personal/WorkoutPlaza
    builtin-Swift-Compilation-Requirements -- /Applications/Xcode.app/Contents/Developer/Toolchains/XcodeDefault.xctoolchain/usr/bin/swiftc -module-name WorkoutPlaza -Onone -enforce-exclusivity\=checked @/Users/denny.k/Library/Developer/Xcode/DerivedData/WorkoutPlaza-hgcnmvwiutlffphiorszcygvkbfw/Build/Intermediates.noindex/WorkoutPlaza.build/Debug-iphonesimulator/WorkoutPlaza.build/Objects-normal/arm64/WorkoutPlaza.SwiftFileList -DDEBUG -default-isolation\=MainActor -enable-bare-slash-regex -enable-upcoming-feature DisableOutwardActorInference -enable-upcoming-feature InferSendableFromCaptures -enable-upcoming-feature GlobalActorIsolatedTypesUsability -enable-upcoming-feature MemberImportVisibility -enable-upcoming-feature InferIsolatedConformances -enable-upcoming-feature NonisolatedNonsendingByDefault -enable-experimental-feature DebugDescriptionMacro -sdk /Applications/Xcode.app/Contents/Developer/Platforms/iPhoneSimulator.platform/Developer/SDKs/iPhoneSimulator26.1.sdk -target arm64-apple-ios26.1-simulator -g -module-cache-path /Users/denny.k/Library/Developer/Xcode/DerivedData/ModuleCache.noindex -Xfrontend -serialize-debugging-options -profile-coverage-mapping -profile-generate -enable-testing -index-store-path /Users/denny.k/Library/Developer/Xcode/DerivedData/WorkoutPlaza-hgcnmvwiutlffphiorszcygvkbfw/Index.noindex/DataStore -Xcc -D_LIBCPP_HARDENING_MODE\=_LIBCPP_HARDENING_MODE_DEBUG -swift-version 5 -I /Users/denny.k/Library/Developer/Xcode/DerivedData/WorkoutPlaza-hgcnmvwiutlffphiorszcygvkbfw/Build/Products/Debug-iphonesimulator -F /Users/denny.k/Library/Developer/Xcode/DerivedData/WorkoutPlaza-hgcnmvwiutlffphiorszcygvkbfw/Build/Products/Debug-iphonesimulator/PackageFrameworks -F /Users/denny.k/Library/Developer/Xcode/DerivedData/WorkoutPlaza-hgcnmvwiutlffphiorszcygvkbfw/Build/Products/Debug-iphonesimulator -emit-localized-strings -emit-localized-strings-path /Users/denny.k/Library/Developer/Xcode/DerivedData/WorkoutPlaza-hgcnmvwiutlffphiorszcygvkbfw/Build/Intermediates.noindex/WorkoutPlaza.build/Debug-iphonesimulator/WorkoutPlaza.build/Objects-normal/arm64 -c -j14 -enable-batch-mode -incremental -Xcc -ivfsstatcache -Xcc /Users/denny.k/Library/Developer/Xcode/DerivedData/SDKStatCaches.noindex/iphonesimulator26.1-23B77-90cf18a4295e390e64c810bc6bd7acbc.sdkstatcache -output-file-map /Users/denny.k/Library/Developer/Xcode/DerivedData/WorkoutPlaza-hgcnmvwiutlffphiorszcygvkbfw/Build/Intermediates.noindex/WorkoutPlaza.build/Debug-iphonesimulator/WorkoutPlaza.build/Objects-normal/arm64/WorkoutPlaza-OutputFileMap.json -use-frontend-parseable-output -save-temps -no-color-diagnostics -explicit-module-build -module-cache-path /Users/denny.k/Library/Developer/Xcode/DerivedData/WorkoutPlaza-hgcnmvwiutlffphiorszcygvkbfw/Build/Intermediates.noindex/SwiftExplicitPrecompiledModules -clang-scanner-module-cache-path /Users/denny.k/Library/Developer/Xcode/DerivedData/ModuleCache.noindex -sdk-module-cache-path /Users/denny.k/Library/Developer/Xcode/DerivedData/ModuleCache.noindex -serialize-diagnostics -emit-dependencies -emit-module -emit-module-path /Users/denny.k/Library/Developer/Xcode/DerivedData/WorkoutPlaza-hgcnmvwiutlffphiorszcygvkbfw/Build/Intermediates.noindex/WorkoutPlaza.build/Debug-iphonesimulator/WorkoutPlaza.build/Objects-normal/arm64/WorkoutPlaza.swiftmodule -validate-clang-modules-once -clang-build-session-file /Users/denny.k/Library/Developer/Xcode/DerivedData/ModuleCache.noindex/Session.modulevalidation -Xcc -I/Users/denny.k/Library/Developer/Xcode/DerivedData/WorkoutPlaza-hgcnmvwiutlffphiorszcygvkbfw/Build/Intermediates.noindex/WorkoutPlaza.build/Debug-iphonesimulator/WorkoutPlaza.build/swift-overrides.hmap -emit-const-values -Xfrontend -const-gather-protocols-file -Xfrontend /Users/denny.k/Library/Developer/Xcode/DerivedData/WorkoutPlaza-hgcnmvwiutlffphiorszcygvkbfw/Build/Intermediates.noindex/WorkoutPlaza.build/Debug-iphonesimulator/WorkoutPlaza.build/Objects-normal/arm64/WorkoutPlaza_const_extract_protocols.json -Xcc -iquote -Xcc /Users/denny.k/Library/Developer/Xcode/DerivedData/WorkoutPlaza-hgcnmvwiutlffphiorszcygvkbfw/Build/Intermediates.noindex/WorkoutPlaza.build/Debug-iphonesimulator/WorkoutPlaza.build/WorkoutPlaza-generated-files.hmap -Xcc -I/Users/denny.k/Library/Developer/Xcode/DerivedData/WorkoutPlaza-hgcnmvwiutlffphiorszcygvkbfw/Build/Intermediates.noindex/WorkoutPlaza.build/Debug-iphonesimulator/WorkoutPlaza.build/WorkoutPlaza-own-target-headers.hmap -Xcc -I/Users/denny.k/Library/Developer/Xcode/DerivedData/WorkoutPlaza-hgcnmvwiutlffphiorszcygvkbfw/Build/Intermediates.noindex/WorkoutPlaza.build/Debug-iphonesimulator/WorkoutPlaza.build/WorkoutPlaza-all-non-framework-target-headers.hmap -Xcc -ivfsoverlay -Xcc /Users/denny.k/Library/Developer/Xcode/DerivedData/WorkoutPlaza-hgcnmvwiutlffphiorszcygvkbfw/Build/Intermediates.noindex/WorkoutPlaza.build/Debug-iphonesimulator/WorkoutPlaza-774af26ae829fb4a2e9772968e32ca2b-VFS-iphonesimulator/all-product-headers.yaml -Xcc -iquote -Xcc /Users/denny.k/Library/Developer/Xcode/DerivedData/WorkoutPlaza-hgcnmvwiutlffphiorszcygvkbfw/Build/Intermediates.noindex/WorkoutPlaza.build/Debug-iphonesimulator/WorkoutPlaza.build/WorkoutPlaza-project-headers.hmap -Xcc -I/Users/denny.k/Library/Developer/Xcode/DerivedData/WorkoutPlaza-hgcnmvwiutlffphiorszcygvkbfw/Build/Products/Debug-iphonesimulator/include -Xcc -I/Users/denny.k/Library/Developer/Xcode/DerivedData/WorkoutPlaza-hgcnmvwiutlffphiorszcygvkbfw/Build/Intermediates.noindex/WorkoutPlaza.build/Debug-iphonesimulator/WorkoutPlaza.build/DerivedSources-normal/arm64 -Xcc -I/Users/denny.k/Library/Developer/Xcode/DerivedData/WorkoutPlaza-hgcnmvwiutlffphiorszcygvkbfw/Build/Intermediates.noindex/WorkoutPlaza.build/Debug-iphonesimulator/WorkoutPlaza.build/DerivedSources/arm64 -Xcc -I/Users/denny.k/Library/Developer/Xcode/DerivedData/WorkoutPlaza-hgcnmvwiutlffphiorszcygvkbfw/Build/Intermediates.noindex/WorkoutPlaza.build/Debug-iphonesimulator/WorkoutPlaza.build/DerivedSources -Xcc -DDEBUG\=1 -emit-objc-header -emit-objc-header-path /Users/denny.k/Library/Developer/Xcode/DerivedData/WorkoutPlaza-hgcnmvwiutlffphiorszcygvkbfw/Build/Intermediates.noindex/WorkoutPlaza.build/Debug-iphonesimulator/WorkoutPlaza.build/Objects-normal/arm64/WorkoutPlaza-Swift.h -working-directory /Users/denny.k/Documents/Personal/WorkoutPlaza -experimental-emit-module-separately -disable-cmo

SwiftMergeGeneratedHeaders /Users/denny.k/Library/Developer/Xcode/DerivedData/WorkoutPlaza-hgcnmvwiutlffphiorszcygvkbfw/Build/Intermediates.noindex/WorkoutPlaza.build/Debug-iphonesimulator/WorkoutPlaza.build/DerivedSources/WorkoutPlaza-Swift.h /Users/denny.k/Library/Developer/Xcode/DerivedData/WorkoutPlaza-hgcnmvwiutlffphiorszcygvkbfw/Build/Intermediates.noindex/WorkoutPlaza.build/Debug-iphonesimulator/WorkoutPlaza.build/Objects-normal/arm64/WorkoutPlaza-Swift.h (in target 'WorkoutPlaza' from project 'WorkoutPlaza')
    cd /Users/denny.k/Documents/Personal/WorkoutPlaza
    builtin-swiftHeaderTool -arch arm64 /Users/denny.k/Library/Developer/Xcode/DerivedData/WorkoutPlaza-hgcnmvwiutlffphiorszcygvkbfw/Build/Intermediates.noindex/WorkoutPlaza.build/Debug-iphonesimulator/WorkoutPlaza.build/Objects-normal/arm64/WorkoutPlaza-Swift.h -o /Users/denny.k/Library/Developer/Xcode/DerivedData/WorkoutPlaza-hgcnmvwiutlffphiorszcygvkbfw/Build/Intermediates.noindex/WorkoutPlaza.build/Debug-iphonesimulator/WorkoutPlaza.build/DerivedSources/WorkoutPlaza-Swift.h

Copy /Users/denny.k/Library/Developer/Xcode/DerivedData/WorkoutPlaza-hgcnmvwiutlffphiorszcygvkbfw/Build/Products/Debug-iphonesimulator/WorkoutPlaza.swiftmodule/arm64-apple-ios-simulator.swiftmodule /Users/denny.k/Library/Developer/Xcode/DerivedData/WorkoutPlaza-hgcnmvwiutlffphiorszcygvkbfw/Build/Intermediates.noindex/WorkoutPlaza.build/Debug-iphonesimulator/WorkoutPlaza.build/Objects-normal/arm64/WorkoutPlaza.swiftmodule (in target 'WorkoutPlaza' from project 'WorkoutPlaza')
    cd /Users/denny.k/Documents/Personal/WorkoutPlaza
    builtin-copy -exclude .DS_Store -exclude CVS -exclude .svn -exclude .git -exclude .hg -resolve-src-symlinks -rename /Users/denny.k/Library/Developer/Xcode/DerivedData/WorkoutPlaza-hgcnmvwiutlffphiorszcygvkbfw/Build/Intermediates.noindex/WorkoutPlaza.build/Debug-iphonesimulator/WorkoutPlaza.build/Objects-normal/arm64/WorkoutPlaza.swiftmodule /Users/denny.k/Library/Developer/Xcode/DerivedData/WorkoutPlaza-hgcnmvwiutlffphiorszcygvkbfw/Build/Products/Debug-iphonesimulator/WorkoutPlaza.swiftmodule/arm64-apple-ios-simulator.swiftmodule

Copy /Users/denny.k/Library/Developer/Xcode/DerivedData/WorkoutPlaza-hgcnmvwiutlffphiorszcygvkbfw/Build/Products/Debug-iphonesimulator/WorkoutPlaza.swiftmodule/arm64-apple-ios-simulator.swiftdoc /Users/denny.k/Library/Developer/Xcode/DerivedData/WorkoutPlaza-hgcnmvwiutlffphiorszcygvkbfw/Build/Intermediates.noindex/WorkoutPlaza.build/Debug-iphonesimulator/WorkoutPlaza.build/Objects-normal/arm64/WorkoutPlaza.swiftdoc (in target 'WorkoutPlaza' from project 'WorkoutPlaza')
    cd /Users/denny.k/Documents/Personal/WorkoutPlaza
    builtin-copy -exclude .DS_Store -exclude CVS -exclude .svn -exclude .git -exclude .hg -resolve-src-symlinks -rename /Users/denny.k/Library/Developer/Xcode/DerivedData/WorkoutPlaza-hgcnmvwiutlffphiorszcygvkbfw/Build/Intermediates.noindex/WorkoutPlaza.build/Debug-iphonesimulator/WorkoutPlaza.build/Objects-normal/arm64/WorkoutPlaza.swiftdoc /Users/denny.k/Library/Developer/Xcode/DerivedData/WorkoutPlaza-hgcnmvwiutlffphiorszcygvkbfw/Build/Products/Debug-iphonesimulator/WorkoutPlaza.swiftmodule/arm64-apple-ios-simulator.swiftdoc

Copy /Users/denny.k/Library/Developer/Xcode/DerivedData/WorkoutPlaza-hgcnmvwiutlffphiorszcygvkbfw/Build/Products/Debug-iphonesimulator/WorkoutPlaza.swiftmodule/arm64-apple-ios-simulator.abi.json /Users/denny.k/Library/Developer/Xcode/DerivedData/WorkoutPlaza-hgcnmvwiutlffphiorszcygvkbfw/Build/Intermediates.noindex/WorkoutPlaza.build/Debug-iphonesimulator/WorkoutPlaza.build/Objects-normal/arm64/WorkoutPlaza.abi.json (in target 'WorkoutPlaza' from project 'WorkoutPlaza')
    cd /Users/denny.k/Documents/Personal/WorkoutPlaza
    builtin-copy -exclude .DS_Store -exclude CVS -exclude .svn -exclude .git -exclude .hg -resolve-src-symlinks -rename /Users/denny.k/Library/Developer/Xcode/DerivedData/WorkoutPlaza-hgcnmvwiutlffphiorszcygvkbfw/Build/Intermediates.noindex/WorkoutPlaza.build/Debug-iphonesimulator/WorkoutPlaza.build/Objects-normal/arm64/WorkoutPlaza.abi.json /Users/denny.k/Library/Developer/Xcode/DerivedData/WorkoutPlaza-hgcnmvwiutlffphiorszcygvkbfw/Build/Products/Debug-iphonesimulator/WorkoutPlaza.swiftmodule/arm64-apple-ios-simulator.abi.json

Copy /Users/denny.k/Library/Developer/Xcode/DerivedData/WorkoutPlaza-hgcnmvwiutlffphiorszcygvkbfw/Build/Products/Debug-iphonesimulator/WorkoutPlaza.swiftmodule/Project/arm64-apple-ios-simulator.swiftsourceinfo /Users/denny.k/Library/Developer/Xcode/DerivedData/WorkoutPlaza-hgcnmvwiutlffphiorszcygvkbfw/Build/Intermediates.noindex/WorkoutPlaza.build/Debug-iphonesimulator/WorkoutPlaza.build/Objects-normal/arm64/WorkoutPlaza.swiftsourceinfo (in target 'WorkoutPlaza' from project 'WorkoutPlaza')
    cd /Users/denny.k/Documents/Personal/WorkoutPlaza
    builtin-copy -exclude .DS_Store -exclude CVS -exclude .svn -exclude .git -exclude .hg -resolve-src-symlinks -rename /Users/denny.k/Library/Developer/Xcode/DerivedData/WorkoutPlaza-hgcnmvwiutlffphiorszcygvkbfw/Build/Intermediates.noindex/WorkoutPlaza.build/Debug-iphonesimulator/WorkoutPlaza.build/Objects-normal/arm64/WorkoutPlaza.swiftsourceinfo /Users/denny.k/Library/Developer/Xcode/DerivedData/WorkoutPlaza-hgcnmvwiutlffphiorszcygvkbfw/Build/Products/Debug-iphonesimulator/WorkoutPlaza.swiftmodule/Project/arm64-apple-ios-simulator.swiftsourceinfo

SwiftDriverJobDiscovery normal arm64 Compiling BackgroundImageEditorViewController.swift (in target 'WorkoutPlaza' from project 'WorkoutPlaza')

SwiftDriverJobDiscovery normal arm64 Compiling TemplateGroupView.swift (in target 'WorkoutPlaza' from project 'WorkoutPlaza')

SwiftDriverJobDiscovery normal arm64 Compiling WorkoutStatsWidgets.swift (in target 'WorkoutPlaza' from project 'WorkoutPlaza')

SwiftDriverJobDiscovery normal arm64 Compiling WorkoutDetailViewController.swift (in target 'WorkoutPlaza' from project 'WorkoutPlaza')

SwiftCompile normal arm64 Compiling\ ColorPreferences.swift /Users/denny.k/Documents/Personal/WorkoutPlaza/WorkoutPlaza/ColorPreferences.swift (in target 'WorkoutPlaza' from project 'WorkoutPlaza')

SwiftCompile normal arm64 /Users/denny.k/Documents/Personal/WorkoutPlaza/WorkoutPlaza/ColorPreferences.swift (in target 'WorkoutPlaza' from project 'WorkoutPlaza')
    cd /Users/denny.k/Documents/Personal/WorkoutPlaza
    

SwiftCompile normal arm64 Compiling\ WorkoutManager.swift /Users/denny.k/Documents/Personal/WorkoutPlaza/WorkoutPlaza/WorkoutManager.swift (in target 'WorkoutPlaza' from project 'WorkoutPlaza')
SwiftCompile normal arm64 /Users/denny.k/Documents/Personal/WorkoutPlaza/WorkoutPlaza/WorkoutManager.swift (in target 'WorkoutPlaza' from project 'WorkoutPlaza')
    cd /Users/denny.k/Documents/Personal/WorkoutPlaza
    

SwiftDriverJobDiscovery normal arm64 Compiling ColorPreferences.swift (in target 'WorkoutPlaza' from project 'WorkoutPlaza')

SwiftDriverJobDiscovery normal arm64 Compiling WorkoutManager.swift (in target 'WorkoutPlaza' from project 'WorkoutPlaza')

SwiftDriver\ Compilation WorkoutPlaza normal arm64 com.apple.xcode.tools.swift.compiler (in target 'WorkoutPlaza' from project 'WorkoutPlaza')
    cd /Users/denny.k/Documents/Personal/WorkoutPlaza
    builtin-Swift-Compilation -- /Applications/Xcode.app/Contents/Developer/Toolchains/XcodeDefault.xctoolchain/usr/bin/swiftc -module-name WorkoutPlaza -Onone -enforce-exclusivity\=checked @/Users/denny.k/Library/Developer/Xcode/DerivedData/WorkoutPlaza-hgcnmvwiutlffphiorszcygvkbfw/Build/Intermediates.noindex/WorkoutPlaza.build/Debug-iphonesimulator/WorkoutPlaza.build/Objects-normal/arm64/WorkoutPlaza.SwiftFileList -DDEBUG -default-isolation\=MainActor -enable-bare-slash-regex -enable-upcoming-feature DisableOutwardActorInference -enable-upcoming-feature InferSendableFromCaptures -enable-upcoming-feature GlobalActorIsolatedTypesUsability -enable-upcoming-feature MemberImportVisibility -enable-upcoming-feature InferIsolatedConformances -enable-upcoming-feature NonisolatedNonsendingByDefault -enable-experimental-feature DebugDescriptionMacro -sdk /Applications/Xcode.app/Contents/Developer/Platforms/iPhoneSimulator.platform/Developer/SDKs/iPhoneSimulator26.1.sdk -target arm64-apple-ios26.1-simulator -g -module-cache-path /Users/denny.k/Library/Developer/Xcode/DerivedData/ModuleCache.noindex -Xfrontend -serialize-debugging-options -profile-coverage-mapping -profile-generate -enable-testing -index-store-path /Users/denny.k/Library/Developer/Xcode/DerivedData/WorkoutPlaza-hgcnmvwiutlffphiorszcygvkbfw/Index.noindex/DataStore -Xcc -D_LIBCPP_HARDENING_MODE\=_LIBCPP_HARDENING_MODE_DEBUG -swift-version 5 -I /Users/denny.k/Library/Developer/Xcode/DerivedData/WorkoutPlaza-hgcnmvwiutlffphiorszcygvkbfw/Build/Products/Debug-iphonesimulator -F /Users/denny.k/Library/Developer/Xcode/DerivedData/WorkoutPlaza-hgcnmvwiutlffphiorszcygvkbfw/Build/Products/Debug-iphonesimulator/PackageFrameworks -F /Users/denny.k/Library/Developer/Xcode/DerivedData/WorkoutPlaza-hgcnmvwiutlffphiorszcygvkbfw/Build/Products/Debug-iphonesimulator -emit-localized-strings -emit-localized-strings-path /Users/denny.k/Library/Developer/Xcode/DerivedData/WorkoutPlaza-hgcnmvwiutlffphiorszcygvkbfw/Build/Intermediates.noindex/WorkoutPlaza.build/Debug-iphonesimulator/WorkoutPlaza.build/Objects-normal/arm64 -c -j14 -enable-batch-mode -incremental -Xcc -ivfsstatcache -Xcc /Users/denny.k/Library/Developer/Xcode/DerivedData/SDKStatCaches.noindex/iphonesimulator26.1-23B77-90cf18a4295e390e64c810bc6bd7acbc.sdkstatcache -output-file-map /Users/denny.k/Library/Developer/Xcode/DerivedData/WorkoutPlaza-hgcnmvwiutlffphiorszcygvkbfw/Build/Intermediates.noindex/WorkoutPlaza.build/Debug-iphonesimulator/WorkoutPlaza.build/Objects-normal/arm64/WorkoutPlaza-OutputFileMap.json -use-frontend-parseable-output -save-temps -no-color-diagnostics -explicit-module-build -module-cache-path /Users/denny.k/Library/Developer/Xcode/DerivedData/WorkoutPlaza-hgcnmvwiutlffphiorszcygvkbfw/Build/Intermediates.noindex/SwiftExplicitPrecompiledModules -clang-scanner-module-cache-path /Users/denny.k/Library/Developer/Xcode/DerivedData/ModuleCache.noindex -sdk-module-cache-path /Users/denny.k/Library/Developer/Xcode/DerivedData/ModuleCache.noindex -serialize-diagnostics -emit-dependencies -emit-module -emit-module-path /Users/denny.k/Library/Developer/Xcode/DerivedData/WorkoutPlaza-hgcnmvwiutlffphiorszcygvkbfw/Build/Intermediates.noindex/WorkoutPlaza.build/Debug-iphonesimulator/WorkoutPlaza.build/Objects-normal/arm64/WorkoutPlaza.swiftmodule -validate-clang-modules-once -clang-build-session-file /Users/denny.k/Library/Developer/Xcode/DerivedData/ModuleCache.noindex/Session.modulevalidation -Xcc -I/Users/denny.k/Library/Developer/Xcode/DerivedData/WorkoutPlaza-hgcnmvwiutlffphiorszcygvkbfw/Build/Intermediates.noindex/WorkoutPlaza.build/Debug-iphonesimulator/WorkoutPlaza.build/swift-overrides.hmap -emit-const-values -Xfrontend -const-gather-protocols-file -Xfrontend /Users/denny.k/Library/Developer/Xcode/DerivedData/WorkoutPlaza-hgcnmvwiutlffphiorszcygvkbfw/Build/Intermediates.noindex/WorkoutPlaza.build/Debug-iphonesimulator/WorkoutPlaza.build/Objects-normal/arm64/WorkoutPlaza_const_extract_protocols.json -Xcc -iquote -Xcc /Users/denny.k/Library/Developer/Xcode/DerivedData/WorkoutPlaza-hgcnmvwiutlffphiorszcygvkbfw/Build/Intermediates.noindex/WorkoutPlaza.build/Debug-iphonesimulator/WorkoutPlaza.build/WorkoutPlaza-generated-files.hmap -Xcc -I/Users/denny.k/Library/Developer/Xcode/DerivedData/WorkoutPlaza-hgcnmvwiutlffphiorszcygvkbfw/Build/Intermediates.noindex/WorkoutPlaza.build/Debug-iphonesimulator/WorkoutPlaza.build/WorkoutPlaza-own-target-headers.hmap -Xcc -I/Users/denny.k/Library/Developer/Xcode/DerivedData/WorkoutPlaza-hgcnmvwiutlffphiorszcygvkbfw/Build/Intermediates.noindex/WorkoutPlaza.build/Debug-iphonesimulator/WorkoutPlaza.build/WorkoutPlaza-all-non-framework-target-headers.hmap -Xcc -ivfsoverlay -Xcc /Users/denny.k/Library/Developer/Xcode/DerivedData/WorkoutPlaza-hgcnmvwiutlffphiorszcygvkbfw/Build/Intermediates.noindex/WorkoutPlaza.build/Debug-iphonesimulator/WorkoutPlaza-774af26ae829fb4a2e9772968e32ca2b-VFS-iphonesimulator/all-product-headers.yaml -Xcc -iquote -Xcc /Users/denny.k/Library/Developer/Xcode/DerivedData/WorkoutPlaza-hgcnmvwiutlffphiorszcygvkbfw/Build/Intermediates.noindex/WorkoutPlaza.build/Debug-iphonesimulator/WorkoutPlaza.build/WorkoutPlaza-project-headers.hmap -Xcc -I/Users/denny.k/Library/Developer/Xcode/DerivedData/WorkoutPlaza-hgcnmvwiutlffphiorszcygvkbfw/Build/Products/Debug-iphonesimulator/include -Xcc -I/Users/denny.k/Library/Developer/Xcode/DerivedData/WorkoutPlaza-hgcnmvwiutlffphiorszcygvkbfw/Build/Intermediates.noindex/WorkoutPlaza.build/Debug-iphonesimulator/WorkoutPlaza.build/DerivedSources-normal/arm64 -Xcc -I/Users/denny.k/Library/Developer/Xcode/DerivedData/WorkoutPlaza-hgcnmvwiutlffphiorszcygvkbfw/Build/Intermediates.noindex/WorkoutPlaza.build/Debug-iphonesimulator/WorkoutPlaza.build/DerivedSources/arm64 -Xcc -I/Users/denny.k/Library/Developer/Xcode/DerivedData/WorkoutPlaza-hgcnmvwiutlffphiorszcygvkbfw/Build/Intermediates.noindex/WorkoutPlaza.build/Debug-iphonesimulator/WorkoutPlaza.build/DerivedSources -Xcc -DDEBUG\=1 -emit-objc-header -emit-objc-header-path /Users/denny.k/Library/Developer/Xcode/DerivedData/WorkoutPlaza-hgcnmvwiutlffphiorszcygvkbfw/Build/Intermediates.noindex/WorkoutPlaza.build/Debug-iphonesimulator/WorkoutPlaza.build/Objects-normal/arm64/WorkoutPlaza-Swift.h -working-directory /Users/denny.k/Documents/Personal/WorkoutPlaza -experimental-emit-module-separately -disable-cmo

Ld /Users/denny.k/Library/Developer/Xcode/DerivedData/WorkoutPlaza-hgcnmvwiutlffphiorszcygvkbfw/Build/Products/Debug-iphonesimulator/WorkoutPlaza.app/WorkoutPlaza.debug.dylib normal (in target 'WorkoutPlaza' from project 'WorkoutPlaza')
    cd /Users/denny.k/Documents/Personal/WorkoutPlaza
    /Applications/Xcode.app/Contents/Developer/Toolchains/XcodeDefault.xctoolchain/usr/bin/clang -Xlinker -reproducible -target arm64-apple-ios26.1-simulator -dynamiclib -isysroot /Applications/Xcode.app/Contents/Developer/Platforms/iPhoneSimulator.platform/Developer/SDKs/iPhoneSimulator26.1.sdk -O0 -L/Users/denny.k/Library/Developer/Xcode/DerivedData/WorkoutPlaza-hgcnmvwiutlffphiorszcygvkbfw/Build/Intermediates.noindex/EagerLinkingTBDs/Debug-iphonesimulator -L/Users/denny.k/Library/Developer/Xcode/DerivedData/WorkoutPlaza-hgcnmvwiutlffphiorszcygvkbfw/Build/Products/Debug-iphonesimulator -F/Users/denny.k/Library/Developer/Xcode/DerivedData/WorkoutPlaza-hgcnmvwiutlffphiorszcygvkbfw/Build/Intermediates.noindex/EagerLinkingTBDs/Debug-iphonesimulator -F/Users/denny.k/Library/Developer/Xcode/DerivedData/WorkoutPlaza-hgcnmvwiutlffphiorszcygvkbfw/Build/Products/Debug-iphonesimulator/PackageFrameworks -F/Users/denny.k/Library/Developer/Xcode/DerivedData/WorkoutPlaza-hgcnmvwiutlffphiorszcygvkbfw/Build/Products/Debug-iphonesimulator -filelist /Users/denny.k/Library/Developer/Xcode/DerivedData/WorkoutPlaza-hgcnmvwiutlffphiorszcygvkbfw/Build/Intermediates.noindex/WorkoutPlaza.build/Debug-iphonesimulator/WorkoutPlaza.build/Objects-normal/arm64/WorkoutPlaza.LinkFileList -install_name @rpath/WorkoutPlaza.debug.dylib -Xlinker -rpath -Xlinker /Users/denny.k/Library/Developer/Xcode/DerivedData/WorkoutPlaza-hgcnmvwiutlffphiorszcygvkbfw/Build/Products/Debug-iphonesimulator/PackageFrameworks -Xlinker -rpath -Xlinker @executable_path/Frameworks -dead_strip -Xlinker -object_path_lto -Xlinker /Users/denny.k/Library/Developer/Xcode/DerivedData/WorkoutPlaza-hgcnmvwiutlffphiorszcygvkbfw/Build/Intermediates.noindex/WorkoutPlaza.build/Debug-iphonesimulator/WorkoutPlaza.build/Objects-normal/arm64/WorkoutPlaza_lto.o -rdynamic -Xlinker -no_deduplicate -Xlinker -objc_abi_version -Xlinker 2 -Xlinker -debug_variant -Xlinker -dependency_info -Xlinker /Users/denny.k/Library/Developer/Xcode/DerivedData/WorkoutPlaza-hgcnmvwiutlffphiorszcygvkbfw/Build/Intermediates.noindex/WorkoutPlaza.build/Debug-iphonesimulator/WorkoutPlaza.build/Objects-normal/arm64/WorkoutPlaza_dependency_info.dat -fobjc-link-runtime -fprofile-instr-generate -L/Applications/Xcode.app/Contents/Developer/Toolchains/XcodeDefault.xctoolchain/usr/lib/swift/iphonesimulator -L/usr/lib/swift -Xlinker -add_ast_path -Xlinker /Users/denny.k/Library/Developer/Xcode/DerivedData/WorkoutPlaza-hgcnmvwiutlffphiorszcygvkbfw/Build/Intermediates.noindex/WorkoutPlaza.build/Debug-iphonesimulator/WorkoutPlaza.build/Objects-normal/arm64/WorkoutPlaza.swiftmodule @/Users/denny.k/Library/Developer/Xcode/DerivedData/WorkoutPlaza-hgcnmvwiutlffphiorszcygvkbfw/Build/Intermediates.noindex/WorkoutPlaza.build/Debug-iphonesimulator/WorkoutPlaza.build/Objects-normal/arm64/WorkoutPlaza-linker-args.resp -Wl,-no_warn_duplicate_libraries -Xlinker -alias -Xlinker _main -Xlinker ___debug_main_executable_dylib_entry_point -Xlinker -no_adhoc_codesign -o /Users/denny.k/Library/Developer/Xcode/DerivedData/WorkoutPlaza-hgcnmvwiutlffphiorszcygvkbfw/Build/Products/Debug-iphonesimulator/WorkoutPlaza.app/WorkoutPlaza.debug.dylib -Xlinker -add_ast_path -Xlinker /Users/denny.k/Library/Developer/Xcode/DerivedData/WorkoutPlaza-hgcnmvwiutlffphiorszcygvkbfw/Build/Intermediates.noindex/SnapKit.build/Debug-iphonesimulator/SnapKit.build/Objects-normal/arm64/SnapKit.swiftmodule @/Users/denny.k/Library/Developer/Xcode/DerivedData/WorkoutPlaza-hgcnmvwiutlffphiorszcygvkbfw/Build/Intermediates.noindex/SnapKit.build/Debug-iphonesimulator/SnapKit.build/Objects-normal/arm64/SnapKit-linker-args.resp

ConstructStubExecutorLinkFileList /Users/denny.k/Library/Developer/Xcode/DerivedData/WorkoutPlaza-hgcnmvwiutlffphiorszcygvkbfw/Build/Intermediates.noindex/WorkoutPlaza.build/Debug-iphonesimulator/WorkoutPlaza.build/WorkoutPlaza-ExecutorLinkFileList-normal-arm64.txt (in target 'WorkoutPlaza' from project 'WorkoutPlaza')
    cd /Users/denny.k/Documents/Personal/WorkoutPlaza
    construct-stub-executor-link-file-list /Users/denny.k/Library/Developer/Xcode/DerivedData/WorkoutPlaza-hgcnmvwiutlffphiorszcygvkbfw/Build/Products/Debug-iphonesimulator/WorkoutPlaza.app/WorkoutPlaza.debug.dylib /Applications/Xcode.app/Contents/Developer/Platforms/iPhoneSimulator.platform/Developer/usr/lib/libPreviewsJITStubExecutor_no_swift_entry_point.a /Applications/Xcode.app/Contents/Developer/Platforms/iPhoneSimulator.platform/Developer/usr/lib/libPreviewsJITStubExecutor.a --output /Users/denny.k/Library/Developer/Xcode/DerivedData/WorkoutPlaza-hgcnmvwiutlffphiorszcygvkbfw/Build/Intermediates.noindex/WorkoutPlaza.build/Debug-iphonesimulator/WorkoutPlaza.build/WorkoutPlaza-ExecutorLinkFileList-normal-arm64.txt
note: Using stub executor library with Swift entry point. (in target 'WorkoutPlaza' from project 'WorkoutPlaza')

Ld /Users/denny.k/Library/Developer/Xcode/DerivedData/WorkoutPlaza-hgcnmvwiutlffphiorszcygvkbfw/Build/Products/Debug-iphonesimulator/WorkoutPlaza.app/WorkoutPlaza normal (in target 'WorkoutPlaza' from project 'WorkoutPlaza')
    cd /Users/denny.k/Documents/Personal/WorkoutPlaza
    /Applications/Xcode.app/Contents/Developer/Toolchains/XcodeDefault.xctoolchain/usr/bin/clang -Xlinker -reproducible -target arm64-apple-ios26.1-simulator -isysroot /Applications/Xcode.app/Contents/Developer/Platforms/iPhoneSimulator.platform/Developer/SDKs/iPhoneSimulator26.1.sdk -O0 -L/Users/denny.k/Library/Developer/Xcode/DerivedData/WorkoutPlaza-hgcnmvwiutlffphiorszcygvkbfw/Build/Products/Debug-iphonesimulator -F/Users/denny.k/Library/Developer/Xcode/DerivedData/WorkoutPlaza-hgcnmvwiutlffphiorszcygvkbfw/Build/Products/Debug-iphonesimulator/PackageFrameworks -F/Users/denny.k/Library/Developer/Xcode/DerivedData/WorkoutPlaza-hgcnmvwiutlffphiorszcygvkbfw/Build/Products/Debug-iphonesimulator -Xlinker -rpath -Xlinker @executable_path -Xlinker -rpath -Xlinker /Users/denny.k/Library/Developer/Xcode/DerivedData/WorkoutPlaza-hgcnmvwiutlffphiorszcygvkbfw/Build/Products/Debug-iphonesimulator/PackageFrameworks -Xlinker -rpath -Xlinker @executable_path/Frameworks -rdynamic -Xlinker -no_deduplicate -Xlinker -objc_abi_version -Xlinker 2 -Xlinker -debug_variant -e ___debug_blank_executor_main -Xlinker -sectcreate -Xlinker __TEXT -Xlinker __debug_dylib -Xlinker /Users/denny.k/Library/Developer/Xcode/DerivedData/WorkoutPlaza-hgcnmvwiutlffphiorszcygvkbfw/Build/Intermediates.noindex/WorkoutPlaza.build/Debug-iphonesimulator/WorkoutPlaza.build/WorkoutPlaza-DebugDylibPath-normal-arm64.txt -Xlinker -sectcreate -Xlinker __TEXT -Xlinker __debug_instlnm -Xlinker /Users/denny.k/Library/Developer/Xcode/DerivedData/WorkoutPlaza-hgcnmvwiutlffphiorszcygvkbfw/Build/Intermediates.noindex/WorkoutPlaza.build/Debug-iphonesimulator/WorkoutPlaza.build/WorkoutPlaza-DebugDylibInstallName-normal-arm64.txt -Xlinker -filelist -Xlinker /Users/denny.k/Library/Developer/Xcode/DerivedData/WorkoutPlaza-hgcnmvwiutlffphiorszcygvkbfw/Build/Intermediates.noindex/WorkoutPlaza.build/Debug-iphonesimulator/WorkoutPlaza.build/WorkoutPlaza-ExecutorLinkFileList-normal-arm64.txt -Xlinker -sectcreate -Xlinker __TEXT -Xlinker __entitlements -Xlinker /Users/denny.k/Library/Developer/Xcode/DerivedData/WorkoutPlaza-hgcnmvwiutlffphiorszcygvkbfw/Build/Intermediates.noindex/WorkoutPlaza.build/Debug-iphonesimulator/WorkoutPlaza.build/WorkoutPlaza.app-Simulated.xcent -Xlinker -sectcreate -Xlinker __TEXT -Xlinker __ents_der -Xlinker /Users/denny.k/Library/Developer/Xcode/DerivedData/WorkoutPlaza-hgcnmvwiutlffphiorszcygvkbfw/Build/Intermediates.noindex/WorkoutPlaza.build/Debug-iphonesimulator/WorkoutPlaza.build/WorkoutPlaza.app-Simulated.xcent.der /Users/denny.k/Library/Developer/Xcode/DerivedData/WorkoutPlaza-hgcnmvwiutlffphiorszcygvkbfw/Build/Products/Debug-iphonesimulator/WorkoutPlaza.app/WorkoutPlaza.debug.dylib -Xlinker -no_adhoc_codesign -o /Users/denny.k/Library/Developer/Xcode/DerivedData/WorkoutPlaza-hgcnmvwiutlffphiorszcygvkbfw/Build/Products/Debug-iphonesimulator/WorkoutPlaza.app/WorkoutPlaza

CopySwiftLibs /Users/denny.k/Library/Developer/Xcode/DerivedData/WorkoutPlaza-hgcnmvwiutlffphiorszcygvkbfw/Build/Products/Debug-iphonesimulator/WorkoutPlaza.app (in target 'WorkoutPlaza' from project 'WorkoutPlaza')
    cd /Users/denny.k/Documents/Personal/WorkoutPlaza
    builtin-swiftStdLibTool --copy --verbose --sign - --scan-executable /Users/denny.k/Library/Developer/Xcode/DerivedData/WorkoutPlaza-hgcnmvwiutlffphiorszcygvkbfw/Build/Products/Debug-iphonesimulator/WorkoutPlaza.app/WorkoutPlaza.debug.dylib --scan-folder /Users/denny.k/Library/Developer/Xcode/DerivedData/WorkoutPlaza-hgcnmvwiutlffphiorszcygvkbfw/Build/Products/Debug-iphonesimulator/WorkoutPlaza.app/Frameworks --scan-folder /Users/denny.k/Library/Developer/Xcode/DerivedData/WorkoutPlaza-hgcnmvwiutlffphiorszcygvkbfw/Build/Products/Debug-iphonesimulator/WorkoutPlaza.app/PlugIns --scan-folder /Users/denny.k/Library/Developer/Xcode/DerivedData/WorkoutPlaza-hgcnmvwiutlffphiorszcygvkbfw/Build/Products/Debug-iphonesimulator/WorkoutPlaza.app/SystemExtensions --scan-folder /Users/denny.k/Library/Developer/Xcode/DerivedData/WorkoutPlaza-hgcnmvwiutlffphiorszcygvkbfw/Build/Products/Debug-iphonesimulator/WorkoutPlaza.app/Extensions --platform iphonesimulator --toolchain /Applications/Xcode.app/Contents/Developer/Toolchains/XcodeDefault.xctoolchain --destination /Users/denny.k/Library/Developer/Xcode/DerivedData/WorkoutPlaza-hgcnmvwiutlffphiorszcygvkbfw/Build/Products/Debug-iphonesimulator/WorkoutPlaza.app/Frameworks --strip-bitcode --strip-bitcode-tool /Applications/Xcode.app/Contents/Developer/Toolchains/XcodeDefault.xctoolchain/usr/bin/bitcode_strip --emit-dependency-info /Users/denny.k/Library/Developer/Xcode/DerivedData/WorkoutPlaza-hgcnmvwiutlffphiorszcygvkbfw/Build/Intermediates.noindex/WorkoutPlaza.build/Debug-iphonesimulator/WorkoutPlaza.build/SwiftStdLibToolInputDependencies.dep --filter-for-swift-os

ExtractAppIntentsMetadata (in target 'WorkoutPlaza' from project 'WorkoutPlaza')
    cd /Users/denny.k/Documents/Personal/WorkoutPlaza
    /Applications/Xcode.app/Contents/Developer/Toolchains/XcodeDefault.xctoolchain/usr/bin/appintentsmetadataprocessor --toolchain-dir /Applications/Xcode.app/Contents/Developer/Toolchains/XcodeDefault.xctoolchain --module-name WorkoutPlaza --sdk-root /Applications/Xcode.app/Contents/Developer/Platforms/iPhoneSimulator.platform/Developer/SDKs/iPhoneSimulator26.1.sdk --xcode-version 17B100 --platform-family iOS --deployment-target 26.1 --bundle-identifier com.bbdyno.WorkoutPlaza --output /Users/denny.k/Library/Developer/Xcode/DerivedData/WorkoutPlaza-hgcnmvwiutlffphiorszcygvkbfw/Build/Products/Debug-iphonesimulator/WorkoutPlaza.app --target-triple arm64-apple-ios26.1-simulator --binary-file /Users/denny.k/Library/Developer/Xcode/DerivedData/WorkoutPlaza-hgcnmvwiutlffphiorszcygvkbfw/Build/Products/Debug-iphonesimulator/WorkoutPlaza.app/WorkoutPlaza --dependency-file /Users/denny.k/Library/Developer/Xcode/DerivedData/WorkoutPlaza-hgcnmvwiutlffphiorszcygvkbfw/Build/Intermediates.noindex/WorkoutPlaza.build/Debug-iphonesimulator/WorkoutPlaza.build/Objects-normal/arm64/WorkoutPlaza_dependency_info.dat --stringsdata-file /Users/denny.k/Library/Developer/Xcode/DerivedData/WorkoutPlaza-hgcnmvwiutlffphiorszcygvkbfw/Build/Intermediates.noindex/WorkoutPlaza.build/Debug-iphonesimulator/WorkoutPlaza.build/Objects-normal/arm64/ExtractedAppShortcutsMetadata.stringsdata --source-file-list /Users/denny.k/Library/Developer/Xcode/DerivedData/WorkoutPlaza-hgcnmvwiutlffphiorszcygvkbfw/Build/Intermediates.noindex/WorkoutPlaza.build/Debug-iphonesimulator/WorkoutPlaza.build/Objects-normal/arm64/WorkoutPlaza.SwiftFileList --metadata-file-list /Users/denny.k/Library/Developer/Xcode/DerivedData/WorkoutPlaza-hgcnmvwiutlffphiorszcygvkbfw/Build/Intermediates.noindex/WorkoutPlaza.build/Debug-iphonesimulator/WorkoutPlaza.build/WorkoutPlaza.DependencyMetadataFileList --static-metadata-file-list /Users/denny.k/Library/Developer/Xcode/DerivedData/WorkoutPlaza-hgcnmvwiutlffphiorszcygvkbfw/Build/Intermediates.noindex/WorkoutPlaza.build/Debug-iphonesimulator/WorkoutPlaza.build/WorkoutPlaza.DependencyStaticMetadataFileList --swift-const-vals-list /Users/denny.k/Library/Developer/Xcode/DerivedData/WorkoutPlaza-hgcnmvwiutlffphiorszcygvkbfw/Build/Intermediates.noindex/WorkoutPlaza.build/Debug-iphonesimulator/WorkoutPlaza.build/Objects-normal/arm64/WorkoutPlaza.SwiftConstValuesFileList --compile-time-extraction --deployment-aware-processing --validate-assistant-intents --no-app-shortcuts-localization
2026-01-16 09:26:13.860 appintentsmetadataprocessor[82585:16444310] Starting appintentsmetadataprocessor export
2026-01-16 09:26:13.862 appintentsmetadataprocessor[82585:16444310] warning: Metadata extraction skipped. No AppIntents.framework dependency found.

AppIntentsSSUTraining (in target 'WorkoutPlaza' from project 'WorkoutPlaza')
    cd /Users/denny.k/Documents/Personal/WorkoutPlaza
    /Applications/Xcode.app/Contents/Developer/Toolchains/XcodeDefault.xctoolchain/usr/bin/appintentsnltrainingprocessor --infoplist-path /Users/denny.k/Library/Developer/Xcode/DerivedData/WorkoutPlaza-hgcnmvwiutlffphiorszcygvkbfw/Build/Products/Debug-iphonesimulator/WorkoutPlaza.app/Info.plist --temp-dir-path /Users/denny.k/Library/Developer/Xcode/DerivedData/WorkoutPlaza-hgcnmvwiutlffphiorszcygvkbfw/Build/Intermediates.noindex/WorkoutPlaza.build/Debug-iphonesimulator/WorkoutPlaza.build/ssu --bundle-id com.bbdyno.WorkoutPlaza --product-path /Users/denny.k/Library/Developer/Xcode/DerivedData/WorkoutPlaza-hgcnmvwiutlffphiorszcygvkbfw/Build/Products/Debug-iphonesimulator/WorkoutPlaza.app --extracted-metadata-path /Users/denny.k/Library/Developer/Xcode/DerivedData/WorkoutPlaza-hgcnmvwiutlffphiorszcygvkbfw/Build/Products/Debug-iphonesimulator/WorkoutPlaza.app/Metadata.appintents --metadata-file-list /Users/denny.k/Library/Developer/Xcode/DerivedData/WorkoutPlaza-hgcnmvwiutlffphiorszcygvkbfw/Build/Intermediates.noindex/WorkoutPlaza.build/Debug-iphonesimulator/WorkoutPlaza.build/WorkoutPlaza.DependencyMetadataFileList --archive-ssu-assets
2026-01-16 09:26:13.878 appintentsnltrainingprocessor[82586:16444311] Parsing options for appintentsnltrainingprocessor
2026-01-16 09:26:13.878 appintentsnltrainingprocessor[82586:16444311] No AppShortcuts found - Skipping.

CodeSign /Users/denny.k/Library/Developer/Xcode/DerivedData/WorkoutPlaza-hgcnmvwiutlffphiorszcygvkbfw/Build/Products/Debug-iphonesimulator/WorkoutPlaza.app/WorkoutPlaza.debug.dylib (in target 'WorkoutPlaza' from project 'WorkoutPlaza')
    cd /Users/denny.k/Documents/Personal/WorkoutPlaza
    
    Signing Identity:     "Sign to Run Locally"
    
    /usr/bin/codesign --force --sign - --timestamp\=none --generate-entitlement-der /Users/denny.k/Library/Developer/Xcode/DerivedData/WorkoutPlaza-hgcnmvwiutlffphiorszcygvkbfw/Build/Products/Debug-iphonesimulator/WorkoutPlaza.app/WorkoutPlaza.debug.dylib

CodeSign /Users/denny.k/Library/Developer/Xcode/DerivedData/WorkoutPlaza-hgcnmvwiutlffphiorszcygvkbfw/Build/Products/Debug-iphonesimulator/WorkoutPlaza.app/__preview.dylib (in target 'WorkoutPlaza' from project 'WorkoutPlaza')
    cd /Users/denny.k/Documents/Personal/WorkoutPlaza
    
    Signing Identity:     "Sign to Run Locally"
    
    /usr/bin/codesign --force --sign - --timestamp\=none --generate-entitlement-der /Users/denny.k/Library/Developer/Xcode/DerivedData/WorkoutPlaza-hgcnmvwiutlffphiorszcygvkbfw/Build/Products/Debug-iphonesimulator/WorkoutPlaza.app/__preview.dylib

CodeSign /Users/denny.k/Library/Developer/Xcode/DerivedData/WorkoutPlaza-hgcnmvwiutlffphiorszcygvkbfw/Build/Products/Debug-iphonesimulator/WorkoutPlaza.app (in target 'WorkoutPlaza' from project 'WorkoutPlaza')
    cd /Users/denny.k/Documents/Personal/WorkoutPlaza
    
    Signing Identity:     "Sign to Run Locally"
    
    /usr/bin/codesign --force --sign - --entitlements /Users/denny.k/Library/Developer/Xcode/DerivedData/WorkoutPlaza-hgcnmvwiutlffphiorszcygvkbfw/Build/Intermediates.noindex/WorkoutPlaza.build/Debug-iphonesimulator/WorkoutPlaza.build/WorkoutPlaza.app.xcent --timestamp\=none --generate-entitlement-der /Users/denny.k/Library/Developer/Xcode/DerivedData/WorkoutPlaza-hgcnmvwiutlffphiorszcygvkbfw/Build/Products/Debug-iphonesimulator/WorkoutPlaza.app

RegisterExecutionPolicyException /Users/denny.k/Library/Developer/Xcode/DerivedData/WorkoutPlaza-hgcnmvwiutlffphiorszcygvkbfw/Build/Products/Debug-iphonesimulator/WorkoutPlaza.app (in target 'WorkoutPlaza' from project 'WorkoutPlaza')
    cd /Users/denny.k/Documents/Personal/WorkoutPlaza
    builtin-RegisterExecutionPolicyException /Users/denny.k/Library/Developer/Xcode/DerivedData/WorkoutPlaza-hgcnmvwiutlffphiorszcygvkbfw/Build/Products/Debug-iphonesimulator/WorkoutPlaza.app

Validate /Users/denny.k/Library/Developer/Xcode/DerivedData/WorkoutPlaza-hgcnmvwiutlffphiorszcygvkbfw/Build/Products/Debug-iphonesimulator/WorkoutPlaza.app (in target 'WorkoutPlaza' from project 'WorkoutPlaza')
    cd /Users/denny.k/Documents/Personal/WorkoutPlaza
    builtin-validationUtility /Users/denny.k/Library/Developer/Xcode/DerivedData/WorkoutPlaza-hgcnmvwiutlffphiorszcygvkbfw/Build/Products/Debug-iphonesimulator/WorkoutPlaza.app -shallow-bundle -infoplist-subpath Info.plist

Touch /Users/denny.k/Library/Developer/Xcode/DerivedData/WorkoutPlaza-hgcnmvwiutlffphiorszcygvkbfw/Build/Products/Debug-iphonesimulator/WorkoutPlaza.app (in target 'WorkoutPlaza' from project 'WorkoutPlaza')
    cd /Users/denny.k/Documents/Personal/WorkoutPlaza
    /usr/bin/touch -c /Users/denny.k/Library/Developer/Xcode/DerivedData/WorkoutPlaza-hgcnmvwiutlffphiorszcygvkbfw/Build/Products/Debug-iphonesimulator/WorkoutPlaza.app

** BUILD SUCCEEDED **

