Command line invocation:
    /Applications/Xcode.app/Contents/Developer/usr/bin/xcodebuild -scheme WorkoutPlaza -configuration Debug build

Resolve Package Graph


Resolved source packages:
  SnapKit: https://github.com/SnapKit/SnapKit.git @ 5.7.1

2026-01-16 09:21:18.776 xcodebuild[82104:16438856] [MT] IDERunDestination: Supported platforms for the buildables in the current scheme is empty.
--- xcodebuild: WARNING: Using the first of multiple matching destinations:
{ platform:macOS, arch:arm64, variant:Designed for [iPad,iPhone], id:00006034-0018209C3C44001C, name:My Mac }
{ platform:iOS, id:dvtdevice-DVTiPhonePlaceholder-iphoneos:placeholder, name:Any iOS Device }
{ platform:iOS Simulator, id:dvtdevice-DVTiOSDeviceSimulatorPlaceholder-iphonesimulator:placeholder, name:Any iOS Simulator Device }
{ platform:iOS Simulator, arch:arm64, id:ECE4C021-FE1D-4E84-AC8D-3E34EBC88E9D, OS:26.1, name:iPad (A16) }
{ platform:iOS Simulator, arch:arm64, id:64C42F51-7894-4A11-A489-52CE6D45BBFA, OS:26.1, name:iPad Air 11-inch (M3) }
{ platform:iOS Simulator, arch:arm64, id:4BDBDD30-2815-46F6-A02A-BC9A85E67A50, OS:26.1, name:iPad Air 13-inch (M3) }
{ platform:iOS Simulator, arch:arm64, id:D6EF9404-2D39-4B26-A672-EEE675D92199, OS:26.1, name:iPad Pro 11-inch (M5) }
{ platform:iOS Simulator, arch:arm64, id:5CDEFCD0-AFCB-4626-9B7E-6BCEBE2CA581, OS:26.1, name:iPad Pro 13-inch (M5) }
{ platform:iOS Simulator, arch:arm64, id:0D77354D-98B4-4532-9820-203A2E476700, OS:26.1, name:iPad mini (A17 Pro) }
{ platform:iOS Simulator, arch:arm64, id:6BE252CC-8F2E-4E14-BA9F-7CB00B0EA5C7, OS:26.1, name:iPhone 16e }
{ platform:iOS Simulator, arch:arm64, id:9D05CA86-001B-447D-B7A8-23656A5B0E09, OS:26.1, name:iPhone 17 }
{ platform:iOS Simulator, arch:arm64, id:42BBEA42-3C5F-4608-A775-6FD3735E349E, OS:26.1, name:iPhone 17 Pro }
{ platform:iOS Simulator, arch:arm64, id:14809CB7-5449-4FB9-80DC-E380FB506299, OS:26.1, name:iPhone 17 Pro Max }
{ platform:iOS Simulator, arch:arm64, id:D9C9F942-3C3A-4181-901E-A05CF7406734, OS:26.1, name:iPhone Air }
ComputePackagePrebuildTargetDependencyGraph

Prepare packages

CreateBuildRequest

SendProjectDescription

CreateBuildOperation

ComputeTargetDependencyGraph
note: Building targets in dependency order
note: Target dependency graph (4 targets)
    Target 'WorkoutPlaza' in project 'WorkoutPlaza'
        ➜ Explicit dependency on target 'SnapKit' in project 'SnapKit'
    Target 'SnapKit' in project 'SnapKit'
        ➜ Explicit dependency on target 'SnapKit' in project 'SnapKit'
        ➜ Explicit dependency on target 'SnapKit_SnapKit' in project 'SnapKit'
    Target 'SnapKit' in project 'SnapKit'
        ➜ Explicit dependency on target 'SnapKit_SnapKit' in project 'SnapKit'
    Target 'SnapKit_SnapKit' in project 'SnapKit' (no dependencies)

GatherProvisioningInputs

CreateBuildDescription

ExecuteExternalTool /Applications/Xcode.app/Contents/Developer/Toolchains/XcodeDefault.xctoolchain/usr/bin/clang -v -E -dM -isysroot /Applications/Xcode.app/Contents/Developer/Platforms/iPhoneOS.platform/Developer/SDKs/iPhoneOS26.1.sdk -x c -c /dev/null

ExecuteExternalTool /Applications/Xcode.app/Contents/Developer/usr/bin/ibtool --version --output-format xml1

ExecuteExternalTool /Applications/Xcode.app/Contents/Developer/usr/bin/actool --print-asset-tag-combinations --output-format xml1 /Users/denny.k/Documents/Personal/WorkoutPlaza/WorkoutPlaza/Assets.xcassets

ExecuteExternalTool /Applications/Xcode.app/Contents/Developer/Toolchains/XcodeDefault.xctoolchain/usr/bin/swiftc --version

ExecuteExternalTool /Applications/Xcode.app/Contents/Developer/Toolchains/XcodeDefault.xctoolchain/usr/bin/ld -version_details

ExecuteExternalTool /Applications/Xcode.app/Contents/Developer/usr/bin/actool --version --output-format xml1

Build description signature: b63381acf03ac47bf3f02bee8dd6dc20
Build description path: /Users/denny.k/Library/Developer/Xcode/DerivedData/WorkoutPlaza-hgcnmvwiutlffphiorszcygvkbfw/Build/Intermediates.noindex/XCBuildData/b63381acf03ac47bf3f02bee8dd6dc20.xcbuilddata
/Users/denny.k/Documents/Personal/WorkoutPlaza/WorkoutPlaza.xcodeproj: error: Provisioning profile "iOS Team Provisioning Profile: com.bbdyno.WorkoutPlaza" doesn't include the currently selected device "denny.k’s MacBook Pro" (identifier 00006034-0018209C3C44001C). (in target 'WorkoutPlaza' from project 'WorkoutPlaza')
** BUILD FAILED **


The following build commands failed:
	Building project WorkoutPlaza with scheme WorkoutPlaza and configuration Debug
(1 failure)
